<?xml version="1.0" encoding="UTF-8"?>
<testsuite xmlns:xsi="http://www.w3.org/2001/XMLSchema-instance" xsi:noNamespaceSchemaLocation="https://maven.apache.org/surefire/maven-surefire-plugin/xsd/surefire-test-report.xsd" name="story_client.demo.StorysApplicationTests" time="0.34" tests="1" errors="1" skipped="0" failures="0">
  <properties>
[...]
</properties>
  <testcase name="story_client.demo.StorysApplicationTests" classname="story_client.demo.StorysApplicationTests" time="0.339">
    <error message="Unable to find a @SpringBootConfiguration, you need to use @ContextConfiguration or @SpringBootTest(classes=...) with your test" type="java.lang.IllegalStateException">java.lang.IllegalStateException: Unable to find a @SpringBootConfiguration, you need to use @ContextConfiguration or @SpringBootTest(classes=...) with your test
</error>
    <system-out><![CDATA[22:11:55.509 [main] DEBUG org.springframework.test.context.BootstrapUtils - Instantiating CacheAwareContextLoaderDelegate from class [org.springframework.test.context.cache.DefaultCacheAwareContextLoaderDelegate]
22:11:55.526 [main] DEBUG org.springframework.test.context.BootstrapUtils - Instantiating BootstrapContext using constructor [public org.springframework.test.context.support.DefaultBootstrapContext(java.lang.Class,org.springframework.test.context.CacheAwareContextLoaderDelegate)]
22:11:55.571 [main] DEBUG org.springframework.test.context.BootstrapUtils - Instantiating TestContextBootstrapper for test class [story_client.demo.StorysApplicationTests] from class [org.springframework.boot.test.context.SpringBootTestContextBootstrapper]
22:11:55.593 [main] INFO org.springframework.boot.test.context.SpringBootTestContextBootstrapper - Neither @ContextConfiguration nor @ContextHierarchy found for test class [story_client.demo.StorysApplicationTests], using SpringBootContextLoader
22:11:55.598 [main] DEBUG org.springframework.test.context.support.AbstractContextLoader - Did not detect default resource location for test class [story_client.demo.StorysApplicationTests]: class path resource [story_client/demo/StorysApplicationTests-context.xml] does not exist
22:11:55.599 [main] DEBUG org.springframework.test.context.support.AbstractContextLoader - Did not detect default resource location for test class [story_client.demo.StorysApplicationTests]: class path resource [story_client/demo/StorysApplicationTestsContext.groovy] does not exist
22:11:55.600 [main] INFO org.springframework.test.context.support.AbstractContextLoader - Could not detect default resource locations for test class [story_client.demo.StorysApplicationTests]: no resource found for suffixes {-context.xml, Context.groovy}.
22:11:55.601 [main] INFO org.springframework.test.context.support.AnnotationConfigContextLoaderUtils - Could not detect default configuration classes for test class [story_client.demo.StorysApplicationTests]: StorysApplicationTests does not declare any static, non-private, non-final, nested classes annotated with @Configuration.
22:11:55.655 [main] DEBUG org.springframework.test.context.support.ActiveProfilesUtils - Could not find an 'annotation declaring class' for annotation type [org.springframework.test.context.ActiveProfiles] and class [story_client.demo.StorysApplicationTests]
22:11:55.704 [main] DEBUG org.springframework.test.context.BootstrapUtils - Instantiating CacheAwareContextLoaderDelegate from class [org.springframework.test.context.cache.DefaultCacheAwareContextLoaderDelegate]
22:11:55.704 [main] DEBUG org.springframework.test.context.BootstrapUtils - Instantiating BootstrapContext using constructor [public org.springframework.test.context.support.DefaultBootstrapContext(java.lang.Class,org.springframework.test.context.CacheAwareContextLoaderDelegate)]
22:11:55.705 [main] DEBUG org.springframework.test.context.BootstrapUtils - Instantiating TestContextBootstrapper for test class [story_client.demo.StorysApplicationTests] from class [org.springframework.boot.test.context.SpringBootTestContextBootstrapper]
22:11:55.706 [main] INFO org.springframework.boot.test.context.SpringBootTestContextBootstrapper - Neither @ContextConfiguration nor @ContextHierarchy found for test class [story_client.demo.StorysApplicationTests], using SpringBootContextLoader
22:11:55.707 [main] DEBUG org.springframework.test.context.support.AbstractContextLoader - Did not detect default resource location for test class [story_client.demo.StorysApplicationTests]: class path resource [story_client/demo/StorysApplicationTests-context.xml] does not exist
22:11:55.708 [main] DEBUG org.springframework.test.context.support.AbstractContextLoader - Did not detect default resource location for test class [story_client.demo.StorysApplicationTests]: class path resource [story_client/demo/StorysApplicationTestsContext.groovy] does not exist
22:11:55.708 [main] INFO org.springframework.test.context.support.AbstractContextLoader - Could not detect default resource locations for test class [story_client.demo.StorysApplicationTests]: no resource found for suffixes {-context.xml, Context.groovy}.
22:11:55.708 [main] INFO org.springframework.test.context.support.AnnotationConfigContextLoaderUtils - Could not detect default configuration classes for test class [story_client.demo.StorysApplicationTests]: StorysApplicationTests does not declare any static, non-private, non-final, nested classes annotated with @Configuration.
22:11:55.711 [main] DEBUG org.springframework.test.context.support.ActiveProfilesUtils - Could not find an 'annotation declaring class' for annotation type [org.springframework.test.context.ActiveProfiles] and class [story_client.demo.StorysApplicationTests]
22:11:55.715 [main] DEBUG org.springframework.test.context.BootstrapUtils - Instantiating CacheAwareContextLoaderDelegate from class [org.springframework.test.context.cache.DefaultCacheAwareContextLoaderDelegate]
22:11:55.715 [main] DEBUG org.springframework.test.context.BootstrapUtils - Instantiating BootstrapContext using constructor [public org.springframework.test.context.support.DefaultBootstrapContext(java.lang.Class,org.springframework.test.context.CacheAwareContextLoaderDelegate)]
22:11:55.716 [main] DEBUG org.springframework.test.context.BootstrapUtils - Instantiating TestContextBootstrapper for test class [story_client.demo.StorysApplicationTests] from class [org.springframework.boot.test.context.SpringBootTestContextBootstrapper]
22:11:55.718 [main] INFO org.springframework.boot.test.context.SpringBootTestContextBootstrapper - Neither @ContextConfiguration nor @ContextHierarchy found for test class [story_client.demo.StorysApplicationTests], using SpringBootContextLoader
22:11:55.719 [main] DEBUG org.springframework.test.context.support.AbstractContextLoader - Did not detect default resource location for test class [story_client.demo.StorysApplicationTests]: class path resource [story_client/demo/StorysApplicationTests-context.xml] does not exist
22:11:55.719 [main] DEBUG org.springframework.test.context.support.AbstractContextLoader - Did not detect default resource location for test class [story_client.demo.StorysApplicationTests]: class path resource [story_client/demo/StorysApplicationTestsContext.groovy] does not exist
22:11:55.720 [main] INFO org.springframework.test.context.support.AbstractContextLoader - Could not detect default resource locations for test class [story_client.demo.StorysApplicationTests]: no resource found for suffixes {-context.xml, Context.groovy}.
22:11:55.720 [main] INFO org.springframework.test.context.support.AnnotationConfigContextLoaderUtils - Could not detect default configuration classes for test class [story_client.demo.StorysApplicationTests]: StorysApplicationTests does not declare any static, non-private, non-final, nested classes annotated with @Configuration.
22:11:55.723 [main] DEBUG org.springframework.test.context.support.ActiveProfilesUtils - Could not find an 'annotation declaring class' for annotation type [org.springframework.test.context.ActiveProfiles] and class [story_client.demo.StorysApplicationTests]
]]></system-out>
  </testcase>
</testsuite>